Wearable/build/intermediates/manifest_merge_blame_file/debug/manifest-merger-blame-debug-report.txt
1<?xml version="1.0" encoding="utf-8"?>
2<!--
3 Copyright (C) 2021 The Android Open Source Project
4
5     Licensed under the Apache License, Version 2.0 (the "License");
6     you may not use this file except in compliance with the License.
7     You may obtain a copy of the License at
8
9          http://www.apache.org/licenses/LICENSE-2.0
10
11     Unless required by applicable law or agreed to in writing, software
12     distributed under the License is distributed on an "AS IS" BASIS,
13     WITHOUT WARRANTIES OR CONDITIONS OF ANY KIND, either express or implied.
14     See the License for the specific language governing permissions and
15     limitations under the License.
16-->
17<manifest xmlns:android="http://schemas.android.com/apk/res/android"
18    package="com.example.android.wearable.datalayer"
19    android:versionCode="1"
20    android:versionName="1.0" >
21
22    <uses-sdk
23        android:minSdkVersion="26"
23-->src/main/AndroidManifest.xml
24        android:targetSdkVersion="30" />
24-->src/main/AndroidManifest.xml
25
26    <uses-feature android:name="android.hardware.type.watch" />
26-->src/main/AndroidManifest.xml:20:5-64
26-->src/main/AndroidManifest.xml:20:19-61
27
28    <permission
28-->[androidx.core:core:1.11.0-beta02] AndroidManifest.xml:22:5-24:47
29        android:name="com.example.android.wearable.datalayer.DYNAMIC_RECEIVER_NOT_EXPORTED_PERMISSION"
29-->[androidx.core:core:1.11.0-beta02] AndroidManifest.xml:23:9-81
30        android:protectionLevel="signature" />
30-->[androidx.core:core:1.11.0-beta02] AndroidManifest.xml:24:9-44
31
32    <uses-permission android:name="com.example.android.wearable.datalayer.DYNAMIC_RECEIVER_NOT_EXPORTED_PERMISSION" />
32-->[androidx.core:core:1.11.0-beta02] AndroidManifest.xml:26:5-97
32-->[androidx.core:core:1.11.0-beta02] AndroidManifest.xml:26:22-94
33
34    <application
34-->src/main/AndroidManifest.xml:22:5-68:19
35        android:allowBackup="true"
35-->src/main/AndroidManifest.xml:23:9-35
36        android:appComponentFactory="androidx.core.app.CoreComponentFactory"
36-->[androidx.core:core:1.11.0-beta02] AndroidManifest.xml:28:18-86
37        android:debuggable="true"
38        android:extractNativeLibs="false"
39        android:fullBackupOnly="true"
39-->src/main/AndroidManifest.xml:24:9-38
40        android:icon="@drawable/ic_launcher"
40-->src/main/AndroidManifest.xml:25:9-45
41        android:label="@string/app_name"
41-->src/main/AndroidManifest.xml:26:9-41
42        android:testOnly="true"
43        android:theme="@android:style/Theme.DeviceDefault" >
43-->src/main/AndroidManifest.xml:27:9-59
44        <meta-data
44-->src/main/AndroidManifest.xml:29:9-31:37
45            android:name="com.google.android.wearable.standalone"
45-->src/main/AndroidManifest.xml:30:13-66
46            android:value="false" />
46-->src/main/AndroidManifest.xml:31:13-34
47        <meta-data
47-->src/main/AndroidManifest.xml:33:9-35:69
48            android:name="com.google.android.gms.version"
48-->src/main/AndroidManifest.xml:34:13-58
49            android:value="@integer/google_play_services_version" />
49-->src/main/AndroidManifest.xml:35:13-66
50
51        <service
51-->src/main/AndroidManifest.xml:37:9-55:19
52            android:name="com.example.android.wearable.datalayer.DataLayerListenerService"
52-->src/main/AndroidManifest.xml:38:13-53
53            android:exported="true" >
53-->src/main/AndroidManifest.xml:39:13-36
54            <intent-filter>
54-->src/main/AndroidManifest.xml:40:13-47:29
55
56                <!-- listeners receive events that match the action and data filters -->
57                <action android:name="com.google.android.gms.wearable.DATA_CHANGED" />
57-->src/main/AndroidManifest.xml:42:17-87
57-->src/main/AndroidManifest.xml:42:25-84
58
59                <data
59-->src/main/AndroidManifest.xml:43:17-46:45
60                    android:host="*"
60-->src/main/AndroidManifest.xml:44:21-37
61                    android:pathPrefix="/count"
61-->src/main/AndroidManifest.xml:45:21-48
62                    android:scheme="wear" />
62-->src/main/AndroidManifest.xml:46:21-42
63            </intent-filter>
64            <intent-filter>
64-->src/main/AndroidManifest.xml:48:13-54:29
65                <action android:name="com.google.android.gms.wearable.MESSAGE_RECEIVED" />
65-->src/main/AndroidManifest.xml:49:17-91
65-->src/main/AndroidManifest.xml:49:25-88
66
67                <data
67-->src/main/AndroidManifest.xml:43:17-46:45
68                    android:host="*"
68-->src/main/AndroidManifest.xml:44:21-37
69                    android:pathPrefix="/start-activity"
69-->src/main/AndroidManifest.xml:45:21-48
70                    android:scheme="wear" />
70-->src/main/AndroidManifest.xml:46:21-42
71            </intent-filter>
72        </service>
73
74        <activity
74-->src/main/AndroidManifest.xml:56:9-67:20
75            android:name="com.example.android.wearable.datalayer.MainActivity"
75-->src/main/AndroidManifest.xml:57:13-41
76            android:exported="true" >
76-->src/main/AndroidManifest.xml:58:13-36
77            <intent-filter>
77-->src/main/AndroidManifest.xml:59:13-62:29
78                <action android:name="android.intent.action.MAIN" />
78-->src/main/AndroidManifest.xml:60:17-69
78-->src/main/AndroidManifest.xml:60:25-66
79
80                <category android:name="android.intent.category.LAUNCHER" />
80-->src/main/AndroidManifest.xml:61:17-77
80-->src/main/AndroidManifest.xml:61:27-74
81            </intent-filter>
82            <intent-filter>
82-->src/main/AndroidManifest.xml:63:13-66:29
83                <action android:name="com.example.android.wearable.datalayer.EXAMPLE" />
83-->src/main/AndroidManifest.xml:64:17-89
83-->src/main/AndroidManifest.xml:64:25-86
84
85                <category android:name="android.intent.category.DEFAULT" />
85-->src/main/AndroidManifest.xml:65:17-76
85-->src/main/AndroidManifest.xml:65:27-73
86            </intent-filter>
87        </activity>
88        <activity
88-->[androidx.compose.ui:ui-tooling-android:1.5.0-beta02] AndroidManifest.xml:23:9-25:39
89            android:name="androidx.compose.ui.tooling.PreviewActivity"
89-->[androidx.compose.ui:ui-tooling-android:1.5.0-beta02] AndroidManifest.xml:24:13-71
90            android:exported="true" />
90-->[androidx.compose.ui:ui-tooling-android:1.5.0-beta02] AndroidManifest.xml:25:13-36
91        <activity
91-->[com.google.android.gms:play-services-base:18.0.1] AndroidManifest.xml:20:9-22:45
92            android:name="com.google.android.gms.common.api.GoogleApiActivity"
92-->[com.google.android.gms:play-services-base:18.0.1] AndroidManifest.xml:20:19-85
93            android:exported="false"
93-->[com.google.android.gms:play-services-base:18.0.1] AndroidManifest.xml:22:19-43
94            android:theme="@android:style/Theme.Translucent.NoTitleBar" />
94-->[com.google.android.gms:play-services-base:18.0.1] AndroidManifest.xml:21:19-78
95
96        <provider
96-->[androidx.emoji2:emoji2:1.4.0-beta05] AndroidManifest.xml:24:9-32:20
97            android:name="androidx.startup.InitializationProvider"
97-->[androidx.emoji2:emoji2:1.4.0-beta05] AndroidManifest.xml:25:13-67
98            android:authorities="com.example.android.wearable.datalayer.androidx-startup"
98-->[androidx.emoji2:emoji2:1.4.0-beta05] AndroidManifest.xml:26:13-68
99            android:exported="false" >
99-->[androidx.emoji2:emoji2:1.4.0-beta05] AndroidManifest.xml:27:13-37
100            <meta-data
100-->[androidx.emoji2:emoji2:1.4.0-beta05] AndroidManifest.xml:29:13-31:52
101                android:name="androidx.emoji2.text.EmojiCompatInitializer"
101-->[androidx.emoji2:emoji2:1.4.0-beta05] AndroidManifest.xml:30:17-75
102                android:value="androidx.startup" />
102-->[androidx.emoji2:emoji2:1.4.0-beta05] AndroidManifest.xml:31:17-49
103            <meta-data
103-->[androidx.lifecycle:lifecycle-process:2.6.1] AndroidManifest.xml:29:13-31:52
104                android:name="androidx.lifecycle.ProcessLifecycleInitializer"
104-->[androidx.lifecycle:lifecycle-process:2.6.1] AndroidManifest.xml:30:17-78
105                android:value="androidx.startup" />
105-->[androidx.lifecycle:lifecycle-process:2.6.1] AndroidManifest.xml:31:17-49
106            <meta-data
106-->[androidx.profileinstaller:profileinstaller:1.3.0] AndroidManifest.xml:29:13-31:52
107                android:name="androidx.profileinstaller.ProfileInstallerInitializer"
107-->[androidx.profileinstaller:profileinstaller:1.3.0] AndroidManifest.xml:30:17-85
108                android:value="androidx.startup" />
108-->[androidx.profileinstaller:profileinstaller:1.3.0] AndroidManifest.xml:31:17-49
109        </provider>
110
111        <receiver
111-->[androidx.profileinstaller:profileinstaller:1.3.0] AndroidManifest.xml:34:9-52:20
112            android:name="androidx.profileinstaller.ProfileInstallReceiver"
112-->[androidx.profileinstaller:profileinstaller:1.3.0] AndroidManifest.xml:35:13-76
113            android:directBootAware="false"
113-->[androidx.profileinstaller:profileinstaller:1.3.0] AndroidManifest.xml:36:13-44
114            android:enabled="true"
114-->[androidx.profileinstaller:profileinstaller:1.3.0] AndroidManifest.xml:37:13-35
115            android:exported="true"
115-->[androidx.profileinstaller:profileinstaller:1.3.0] AndroidManifest.xml:38:13-36
116            android:permission="android.permission.DUMP" >
116-->[androidx.profileinstaller:profileinstaller:1.3.0] AndroidManifest.xml:39:13-57
117            <intent-filter>
117-->[androidx.profileinstaller:profileinstaller:1.3.0] AndroidManifest.xml:40:13-42:29
118                <action android:name="androidx.profileinstaller.action.INSTALL_PROFILE" />
118-->[androidx.profileinstaller:profileinstaller:1.3.0] AndroidManifest.xml:41:17-91
118-->[androidx.profileinstaller:profileinstaller:1.3.0] AndroidManifest.xml:41:25-88
119            </intent-filter>
120            <intent-filter>
120-->[androidx.profileinstaller:profileinstaller:1.3.0] AndroidManifest.xml:43:13-45:29
121                <action android:name="androidx.profileinstaller.action.SKIP_FILE" />
121-->[androidx.profileinstaller:profileinstaller:1.3.0] AndroidManifest.xml:44:17-85
121-->[androidx.profileinstaller:profileinstaller:1.3.0] AndroidManifest.xml:44:25-82
122            </intent-filter>
123            <intent-filter>
123-->[androidx.profileinstaller:profileinstaller:1.3.0] AndroidManifest.xml:46:13-48:29
124                <action android:name="androidx.profileinstaller.action.SAVE_PROFILE" />
124-->[androidx.profileinstaller:profileinstaller:1.3.0] AndroidManifest.xml:47:17-88
124-->[androidx.profileinstaller:profileinstaller:1.3.0] AndroidManifest.xml:47:25-85
125            </intent-filter>
126            <intent-filter>
126-->[androidx.profileinstaller:profileinstaller:1.3.0] AndroidManifest.xml:49:13-51:29
127                <action android:name="androidx.profileinstaller.action.BENCHMARK_OPERATION" />
127-->[androidx.profileinstaller:profileinstaller:1.3.0] AndroidManifest.xml:50:17-95
127-->[androidx.profileinstaller:profileinstaller:1.3.0] AndroidManifest.xml:50:25-92
128            </intent-filter>
129        </receiver>
130    </application>
131
132</manifest>